<?xml version="1.0" encoding="UTF-8"?>
<!-- Generated by org.testng.reporters.JUnitReportReporter -->
<testsuite hostname="Alexanders-MacBook-Pro.local" failures="0" tests="1" name="com.selenium.report.ExtentReportDemoTest" time="12.019" errors="0" timestamp="2021-07-21T13:22:35 EDT" skipped="0">
  <testcase classname="com.selenium.report.ExtentReportDemoTest" name="getReportDemo" time="12.019"/>
  <system-out/>
</testsuite> <!-- com.selenium.report.ExtentReportDemoTest -->
